<?xml version="1.0" encoding="UTF-8"?>
<testng-results skipped="0" failed="0" ignored="0" total="1" passed="1">
  <reporter-output>
  </reporter-output>
  <suite name="Default suite" duration-ms="32856" started-at="2021-01-21T13:56:24Z" finished-at="2021-01-21T13:56:57Z">
    <groups>
    </groups>
    <test name="Default test" duration-ms="32856" started-at="2021-01-21T13:56:24Z" finished-at="2021-01-21T13:56:57Z">
      <class name="com.automationpractice.qa.testcases.TestPageTest">
        <test-method status="PASS" signature="successTest()[pri:1, instance:com.automationpractice.qa.testcases.TestPageTest@4dfa3a9d]" name="successTest" duration-ms="32820" started-at="2021-01-21T13:56:24Z" finished-at="2021-01-21T13:56:57Z">
          <reporter-output>
          </reporter-output>
        </test-method> <!-- successTest -->
      </class> <!-- com.automationpractice.qa.testcases.TestPageTest -->
    </test> <!-- Default test -->
  </suite> <!-- Default suite -->
</testng-results>
