<?xml version="1.0" encoding="UTF-8"?>
<!-- Generated by org.testng.reporters.JUnitXMLReporter -->
<testsuite hostname="Deepti-PC" ignored="0" name="Test" tests="7" failures="1" timestamp="20 Jan 2021 14:15:37 GMT" time="200.763" errors="0">
  <testcase name="successTest" time="14.463" classname="com.automationpractice.qa.testcases.TestPageTest"/>
  <testcase name="createAccountTest" time="14.375" classname="com.automationpractice.qa.testcases.CreateAccountPageTest"/>
  <testcase name="createAccountTest" time="17.411" classname="com.automationpractice.qa.testcases.CreateAccountPageTest"/>
  <testcase name="failTest" time="11.481" classname="com.automationpractice.qa.testcases.TestPageTest">
    <failure type="java.lang.AssertionError" message="expected [true] but found [false]">
      <![CDATA[java.lang.AssertionError: expected [true] but found [false]
at com.automationpractice.qa.testcases.TestPageTest.failTest(TestPageTest.java:25)
... Removed 29 stack frames]]>
    </failure>
  </testcase> <!-- failTest -->
  <testcase name="invalidEmailErrorMsgTest" time="10.708" classname="com.automationpractice.qa.testcases.CreateAccountPageTest"/>
  <testcase name="verifyErrorMsgForMandatoryFields" time="12.046" classname="com.automationpractice.qa.testcases.CreateAccountPageTest"/>
  <testcase name="verifyErrorMsgForMandatoryFields" time="10.003" classname="com.automationpractice.qa.testcases.CreateAccountPageTest"/>
</testsuite> <!-- Test -->
