<?xml version="1.0" encoding="UTF-8"?>
<!-- Generated by org.testng.reporters.JUnitXMLReporter -->
<testsuite hostname="Deepti-PC" ignored="1" name="Test(failed)" tests="1" failures="1" timestamp="18 Jan 2021 07:34:11 GMT" time="28.25" errors="0">
  <testcase name="failTest" time="28.21" classname="com.automationpractice.qa.testcases.TestPageTest">
    <failure type="java.lang.AssertionError" message="expected [true] but found [false]">
      <![CDATA[java.lang.AssertionError: expected [true] but found [false]
at com.automationpractice.qa.testcases.TestPageTest.failTest(TestPageTest.java:25)
... Removed 29 stack frames]]>
    </failure>
  </testcase> <!-- failTest -->
  <testcase name="successTest" time="0.0" classname="com.automationpractice.qa.testcases.TestPageTest">
    <ignored/>
  </testcase> <!-- successTest -->
</testsuite> <!-- Test(failed) -->
